Arguments: 
  C:\Program Files\nodejs\node.exe C:\Users\milli\AppData\Roaming\npm\node_modules\yarn\bin\yarn.js add @fortawesome/react-fontawesome

PATH: 
  C:\Program Files\Common Files\Oracle\Java\javapath;C:\Program Files\Eclipse Adoptium\jdk-17.0.3.7-hotspot\bin;C:\Windows\system32;C:\Windows;C:\Windows\System32\Wbem;C:\Windows\System32\WindowsPowerShell\v1.0\;C:\Windows\System32\OpenSSH\;C:\Program Files\Git\cmd;C:\Program Files (x86)\QuickTime\QTSystem\;C:\Program Files\nodejs\;C:\Program Files\PuTTY\;C:\Program Files\Java\jdk-11\bin;C:\Users\milli\Downloads\sonarqube\sonar-scanner-cli-4.8.0.2856-windows\sonar-scanner-4.8.0.2856-windows\bin;C:\Users\milli\AppData\Local\Microsoft\WindowsApps;C:\Program Files\JetBrains\IntelliJ IDEA 2022.1.1\bin;;C:\Users\milli\AppData\Local\Programs\Microsoft VS Code\bin;C:\Users\milli\AppData\Roaming\npm;C:\Users\milli\AppData\Local\Programs\mongosh\;

Yarn version: 
  1.22.19

Node version: 
  18.12.1

Platform: 
  win32 x64

Trace: 
  Error: EPERM: operation not permitted, unlink 'C:\Users\milli\Desktop\proyecto26\proyectoroc\node_modules\@next\swc-win32-x64-msvc\next-swc.win32-x64-msvc.node'

npm manifest: 
  {
    "name": "proyectoroc",
    "version": "1.0.0",
    "description": "",
    "main": "index.js",
    "scripts": {
      "dev": "next",
      "build": "next build",
      "start": "next start"
    },
    "keywords": [],
    "author": "",
    "license": "ISC",
    "dependencies": {
      "next": "^13.5.2",
      "react": "^18.2.0",
      "react-dom": "^18.2.0"
    }
  }

yarn manifest: 
  No manifest

Lockfile: 
  # THIS IS AN AUTOGENERATED FILE. DO NOT EDIT THIS FILE DIRECTLY.
  # yarn lockfile v1
  
  
  "@next/env@13.5.3":
    version "13.5.3"
    resolved "https://registry.npmjs.org/@next/env/-/env-13.5.3.tgz"
    integrity sha512-X4te86vsbjsB7iO4usY9jLPtZ827Mbx+WcwNBGUOIuswuTAKQtzsuoxc/6KLxCMvogKG795MhrR1LDhYgDvasg==
  
  "@next/swc-win32-x64-msvc@13.5.3":
    version "13.5.3"
    resolved "https://registry.npmjs.org/@next/swc-win32-x64-msvc/-/swc-win32-x64-msvc-13.5.3.tgz"
    integrity sha512-2Vz2tYWaLqJvLcWbbTlJ5k9AN6JD7a5CN2pAeIzpbecK8ZF/yobA39cXtv6e+Z8c5UJuVOmaTldEAIxvsIux/Q==
  
  "@swc/helpers@0.5.2":
    version "0.5.2"
    resolved "https://registry.npmjs.org/@swc/helpers/-/helpers-0.5.2.tgz"
    integrity sha512-E4KcWTpoLHqwPHLxidpOqQbcrZVgi0rsmmZXUle1jXmJfuIf/UWpczUJ7MZZ5tlxytgJXyp0w4PGkkeLiuIdZw==
    dependencies:
      tslib "^2.4.0"
  
  busboy@1.6.0:
    version "1.6.0"
    resolved "https://registry.npmjs.org/busboy/-/busboy-1.6.0.tgz"
    integrity sha512-8SFQbg/0hQ9xy3UNTB0YEnsNBbWfhf7RtnzpL7TkBiTBRfrQ9Fxcnz7VJsleJpyp6rVLvXiuORqjlHi5q+PYuA==
    dependencies:
      streamsearch "^1.1.0"
  
  caniuse-lite@^1.0.30001406:
    version "1.0.30001540"
    resolved "https://registry.npmjs.org/caniuse-lite/-/caniuse-lite-1.0.30001540.tgz"
    integrity sha512-9JL38jscuTJBTcuETxm8QLsFr/F6v0CYYTEU6r5+qSM98P2Q0Hmu0eG1dTG5GBUmywU3UlcVOUSIJYY47rdFSw==
  
  client-only@0.0.1:
    version "0.0.1"
    resolved "https://registry.npmjs.org/client-only/-/client-only-0.0.1.tgz"
    integrity sha512-IV3Ou0jSMzZrd3pZ48nLkT9DA7Ag1pnPzaiQhpW7c3RbcqqzvzzVu+L8gfqMp/8IM2MQtSiqaCxrrcfu8I8rMA==
  
  glob-to-regexp@^0.4.1:
    version "0.4.1"
    resolved "https://registry.npmjs.org/glob-to-regexp/-/glob-to-regexp-0.4.1.tgz"
    integrity sha512-lkX1HJXwyMcprw/5YUZc2s7DrpAiHB21/V+E1rHUrVNokkvB6bqMzT0VfV6/86ZNabt1k14YOIaT7nDvOX3Iiw==
  
  graceful-fs@^4.1.2:
    version "4.2.11"
    resolved "https://registry.npmjs.org/graceful-fs/-/graceful-fs-4.2.11.tgz"
    integrity sha512-RbJ5/jmFcNNCcDV5o9eTnBLJ/HszWV0P73bc+Ff4nS/rJj+YaS6IGyiOL0VoBYX+l1Wrl3k63h/KrH+nhJ0XvQ==
  
  "js-tokens@^3.0.0 || ^4.0.0":
    version "4.0.0"
    resolved "https://registry.npmjs.org/js-tokens/-/js-tokens-4.0.0.tgz"
    integrity sha512-RdJUflcE3cUzKiMqQgsCu06FPu9UdIJO0beYbPhHN4k6apgJtifcoCtT9bcxOpYBtpD2kCM6Sbzg4CausW/PKQ==
  
  loose-envify@^1.1.0:
    version "1.4.0"
    resolved "https://registry.npmjs.org/loose-envify/-/loose-envify-1.4.0.tgz"
    integrity sha512-lyuxPGr/Wfhrlem2CL/UcnUc1zcqKAImBDzukY7Y5F/yQiNdko6+fRLevlw1HgMySw7f611UIY408EtxRSoK3Q==
    dependencies:
      js-tokens "^3.0.0 || ^4.0.0"
  
  nanoid@^3.3.4:
    version "3.3.6"
    resolved "https://registry.npmjs.org/nanoid/-/nanoid-3.3.6.tgz"
    integrity sha512-BGcqMMJuToF7i1rt+2PWSNVnWIkGCU78jBG3RxO/bZlnZPK2Cmi2QaffxGO/2RvWi9sL+FAiRiXMgsyxQ1DIDA==
  
  next@^13.5.2:
    version "13.5.3"
    resolved "https://registry.npmjs.org/next/-/next-13.5.3.tgz"
    integrity sha512-4Nt4HRLYDW/yRpJ/QR2t1v63UOMS55A38dnWv3UDOWGezuY0ZyFO1ABNbD7mulVzs9qVhgy2+ppjdsANpKP1mg==
    dependencies:
      "@next/env" "13.5.3"
      "@swc/helpers" "0.5.2"
      busboy "1.6.0"
      caniuse-lite "^1.0.30001406"
      postcss "8.4.14"
      styled-jsx "5.1.1"
      watchpack "2.4.0"
      zod "3.21.4"
    optionalDependencies:
      "@next/swc-darwin-arm64" "13.5.3"
      "@next/swc-darwin-x64" "13.5.3"
      "@next/swc-linux-arm64-gnu" "13.5.3"
      "@next/swc-linux-arm64-musl" "13.5.3"
      "@next/swc-linux-x64-gnu" "13.5.3"
      "@next/swc-linux-x64-musl" "13.5.3"
      "@next/swc-win32-arm64-msvc" "13.5.3"
      "@next/swc-win32-ia32-msvc" "13.5.3"
      "@next/swc-win32-x64-msvc" "13.5.3"
  
  picocolors@^1.0.0:
    version "1.0.0"
    resolved "https://registry.npmjs.org/picocolors/-/picocolors-1.0.0.tgz"
    integrity sha512-1fygroTLlHu66zi26VoTDv8yRgm0Fccecssto+MhsZ0D/DGW2sm8E8AjW7NU5VVTRt5GxbeZ5qBuJr+HyLYkjQ==
  
  postcss@8.4.14:
    version "8.4.14"
    resolved "https://registry.npmjs.org/postcss/-/postcss-8.4.14.tgz"
    integrity sha512-E398TUmfAYFPBSdzgeieK2Y1+1cpdxJx8yXbK/m57nRhKSmk1GB2tO4lbLBtlkfPQTDKfe4Xqv1ASWPpayPEig==
    dependencies:
      nanoid "^3.3.4"
      picocolors "^1.0.0"
      source-map-js "^1.0.2"
  
  react-dom@^18.2.0:
    version "18.2.0"
    resolved "https://registry.npmjs.org/react-dom/-/react-dom-18.2.0.tgz"
    integrity sha512-6IMTriUmvsjHUjNtEDudZfuDQUoWXVxKHhlEGSk81n4YFS+r/Kl99wXiwlVXtPBtJenozv2P+hxDsw9eA7Xo6g==
    dependencies:
      loose-envify "^1.1.0"
      scheduler "^0.23.0"
  
  react@^18.2.0, "react@>= 16.8.0 || 17.x.x || ^18.0.0-0":
    version "18.2.0"
    resolved "https://registry.npmjs.org/react/-/react-18.2.0.tgz"
    integrity sha512-/3IjMdb2L9QbBdWiW5e3P2/npwMBaU9mHCSCUzNln0ZCYbcfTsGbTJrU/kGemdH2IWmB2ioZ+zkxtmq6g09fGQ==
    dependencies:
      loose-envify "^1.1.0"
  
  scheduler@^0.23.0:
    version "0.23.0"
    resolved "https://registry.npmjs.org/scheduler/-/scheduler-0.23.0.tgz"
    integrity sha512-CtuThmgHNg7zIZWAXi3AsyIzA3n4xx7aNyjwC2VJldO2LMVDhFK+63xGqq6CsJH4rTAt6/M+N4GhZiDYPx9eUw==
    dependencies:
      loose-envify "^1.1.0"
  
  source-map-js@^1.0.2:
    version "1.0.2"
    resolved "https://registry.npmjs.org/source-map-js/-/source-map-js-1.0.2.tgz"
    integrity sha512-R0XvVJ9WusLiqTCEiGCmICCMplcCkIwwR11mOSD9CR5u+IXYdiseeEuXCVAjS54zqwkLcPNnmU4OeJ6tUrWhDw==
  
  streamsearch@^1.1.0:
    version "1.1.0"
    resolved "https://registry.npmjs.org/streamsearch/-/streamsearch-1.1.0.tgz"
    integrity sha512-Mcc5wHehp9aXz1ax6bZUyY5afg9u2rv5cqQI3mRrYkGC8rW2hM02jWuwjtL++LS5qinSyhj2QfLyNsuc+VsExg==
  
  styled-jsx@5.1.1:
    version "5.1.1"
    resolved "https://registry.npmjs.org/styled-jsx/-/styled-jsx-5.1.1.tgz"
    integrity sha512-pW7uC1l4mBZ8ugbiZrcIsiIvVx1UmTfw7UkC3Um2tmfUq9Bhk8IiyEIPl6F8agHgjzku6j0xQEZbfA5uSgSaCw==
    dependencies:
      client-only "0.0.1"
  
  tslib@^2.4.0:
    version "2.6.2"
    resolved "https://registry.npmjs.org/tslib/-/tslib-2.6.2.tgz"
    integrity sha512-AEYxH93jGFPn/a2iVAwW87VuUIkR1FVUKB77NwMF7nBTDkDrrT/Hpt/IrCJ0QXhW27jTBDcf5ZY7w6RiqTMw2Q==
  
  watchpack@2.4.0:
    version "2.4.0"
    resolved "https://registry.npmjs.org/watchpack/-/watchpack-2.4.0.tgz"
    integrity sha512-Lcvm7MGST/4fup+ifyKi2hjyIAwcdI4HRgtvTpIUxBRhB+RFtUh8XtDOxUfctVCnhVi+QQj49i91OyvzkJl6cg==
    dependencies:
      glob-to-regexp "^0.4.1"
      graceful-fs "^4.1.2"
  
  zod@3.21.4:
    version "3.21.4"
    resolved "https://registry.npmjs.org/zod/-/zod-3.21.4.tgz"
    integrity sha512-m46AKbrzKVzOzs/DZgVnG5H55N1sv1M8qZU3A8RIKbs3mrACDNeIOeilDymVb2HdmP8uwshOCF4uJ8uM9rCqJw==
